/home/ubuntu/tenerife/mambaforge/envs/lungAmbpy3/lib/python3.8/site-packages/sklearn/metrics/_classification.py:1471: UndefinedMetricWarning: Recall is ill-defined and being set to 0.0 due to no true samples. Use `zero_division` parameter to control this behavior.
  _warn_prf(average, modifier, msg_start, len(result))
/home/ubuntu/tenerife/mambaforge/envs/lungAmbpy3/lib/python3.8/site-packages/sklearn/metrics/_classification.py:1471: UndefinedMetricWarning: Recall is ill-defined and being set to 0.0 due to no true samples. Use `zero_division` parameter to control this behavior.
  _warn_prf(average, modifier, msg_start, len(result))
train_XGB_BMY0.py:200: RuntimeWarning: invalid value encountered in scalar divide
  false_positives_NPV=tn/(tn+fn)
/home/ubuntu/tenerife/mambaforge/envs/lungAmbpy3/lib/python3.8/site-packages/sklearn/metrics/_classification.py:1471: UndefinedMetricWarning: Recall is ill-defined and being set to 0.0 due to no true samples. Use `zero_division` parameter to control this behavior.
  _warn_prf(average, modifier, msg_start, len(result))
train_XGB_BMY0.py:200: RuntimeWarning: invalid value encountered in scalar divide
  false_positives_NPV=tn/(tn+fn)
[CV] END alpha=0.3, colsample_bytree=0.8, gamma=0.1, lambda=2, learning_rate=0.01, max_depth=3, n_estimators=150, subsample=0.8; total time=   1.2s
[CV] END alpha=0.3, colsample_bytree=0.8, gamma=0.1, lambda=2, learning_rate=0.01, max_depth=3, n_estimators=300, subsample=0.8; total time=   0.8s
[CV] END alpha=0.3, colsample_bytree=0.8, gamma=0.1, lambda=2, learning_rate=0.001, max_depth=2, n_estimators=100, subsample=0.8; total time=   0.2s
[CV] END alpha=0.3, colsample_bytree=0.8, gamma=0.1, lambda=2, learning_rate=0.001, max_depth=2, n_estimators=250, subsample=0.8; total time=   0.5s
[CV] END alpha=0.3, colsample_bytree=0.8, gamma=0.1, lambda=2, learning_rate=0.001, max_depth=3, n_estimators=300, subsample=0.8; total time=   0.8s
[CV] END alpha=0.3, colsample_bytree=0.8, gamma=0.1, lambda=2, learning_rate=0.01, max_depth=3, n_estimators=150, subsample=0.8; total time=   0.5s
[CV] END alpha=0.3, colsample_bytree=0.8, gamma=0.1, lambda=2, learning_rate=0.005, max_depth=2, n_estimators=250, subsample=0.8; total time=   0.4s
[CV] END alpha=0.3, colsample_bytree=0.8, gamma=0.1, lambda=2, learning_rate=0.005, max_depth=3, n_estimators=250, subsample=0.8; total time=   0.8s
[CV] END alpha=0.3, colsample_bytree=0.8, gamma=0.1, lambda=2, learning_rate=0.001, max_depth=3, n_estimators=300, subsample=0.8; total time=   0.9s
[CV] END alpha=0.3, colsample_bytree=0.8, gamma=0.1, lambda=2, learning_rate=0.01, max_depth=3, n_estimators=150, subsample=0.8; total time=   0.5s
[CV] END alpha=0.3, colsample_bytree=0.8, gamma=0.1, lambda=2, learning_rate=0.005, max_depth=2, n_estimators=150, subsample=0.8; total time=   0.4s
[CV] END alpha=0.3, colsample_bytree=0.8, gamma=0.1, lambda=2, learning_rate=0.005, max_depth=3, n_estimators=100, subsample=0.8; total time=   0.4s
[CV] END alpha=0.3, colsample_bytree=0.8, gamma=0.1, lambda=2, learning_rate=0.001, max_depth=2, n_estimators=150, subsample=0.8; total time=   0.3s
[CV] END alpha=0.3, colsample_bytree=0.8, gamma=0.1, lambda=2, learning_rate=0.001, max_depth=3, n_estimators=100, subsample=0.8; total time=   0.4s
[CV] END alpha=0.3, colsample_bytree=0.8, gamma=0.1, lambda=2, learning_rate=0.01, max_depth=3, n_estimators=100, subsample=0.8; total time=   1.2s
[CV] END alpha=0.3, colsample_bytree=0.8, gamma=0.1, lambda=2, learning_rate=0.01, max_depth=3, n_estimators=250, subsample=0.8; total time=   0.6s
[CV] END alpha=0.3, colsample_bytree=0.8, gamma=0.1, lambda=2, learning_rate=0.005, max_depth=3, n_estimators=150, subsample=0.8; total time=   0.4s
[CV] END alpha=0.3, colsample_bytree=0.8, gamma=0.1, lambda=2, learning_rate=0.001, max_depth=2, n_estimators=250, subsample=0.8; total time=   0.4s
[CV] END alpha=0.3, colsample_bytree=0.8, gamma=0.1, lambda=2, learning_rate=0.001, max_depth=3, n_estimators=250, subsample=0.8; total time=   0.7s
[CV] END alpha=0.3, colsample_bytree=0.8, gamma=0.1, lambda=2, learning_rate=0.01, max_depth=3, n_estimators=100, subsample=0.8; total time=   0.3s
[CV] END alpha=0.3, colsample_bytree=0.8, gamma=0.1, lambda=2, learning_rate=0.01, max_depth=3, n_estimators=250, subsample=0.8; total time=   0.8s
[CV] END alpha=0.3, colsample_bytree=0.8, gamma=0.1, lambda=2, learning_rate=0.005, max_depth=3, n_estimators=300, subsample=0.8; total time=   0.9s
[CV] END alpha=0.3, colsample_bytree=0.8, gamma=0.1, lambda=2, learning_rate=0.01, max_depth=2, n_estimators=250, subsample=0.8; total time=   0.5s
[CV] END alpha=0.3, colsample_bytree=0.8, gamma=0.1, lambda=2, learning_rate=0.005, max_depth=2, n_estimators=150, subsample=0.8; total time=   0.3s
[CV] END alpha=0.3, colsample_bytree=0.8, gamma=0.1, lambda=2, learning_rate=0.005, max_depth=3, n_estimators=100, subsample=0.8; total time=   0.4s
[CV] END alpha=0.3, colsample_bytree=0.8, gamma=0.1, lambda=2, learning_rate=0.001, max_depth=2, n_estimators=100, subsample=0.8; total time=   0.3s
[CV] END alpha=0.3, colsample_bytree=0.8, gamma=0.1, lambda=2, learning_rate=0.001, max_depth=2, n_estimators=250, subsample=0.8; total time=   0.5s
[CV] END alpha=0.3, colsample_bytree=0.8, gamma=0.1, lambda=2, learning_rate=0.01, max_depth=2, n_estimators=200, subsample=0.8; total time=   1.3s
[CV] END alpha=0.3, colsample_bytree=0.8, gamma=0.1, lambda=2, learning_rate=0.005, max_depth=2, n_estimators=100, subsample=0.8; total time=   0.2s
[CV] END alpha=0.3, colsample_bytree=0.8, gamma=0.1, lambda=2, learning_rate=0.005, max_depth=2, n_estimators=200, subsample=0.8; total time=   0.4s
[CV] END alpha=0.3, colsample_bytree=0.8, gamma=0.1, lambda=2, learning_rate=0.005, max_depth=3, n_estimators=250, subsample=0.8; total time=   0.8s
[CV] END alpha=0.3, colsample_bytree=0.8, gamma=0.1, lambda=2, learning_rate=0.01, max_depth=2, n_estimators=100, subsample=0.8; total time=   0.2s
[CV] END alpha=0.3, colsample_bytree=0.8, gamma=0.1, lambda=2, learning_rate=0.01, max_depth=3, n_estimators=200, subsample=0.8; total time=   0.6s
[CV] END alpha=0.3, colsample_bytree=0.8, gamma=0.1, lambda=2, learning_rate=0.005, max_depth=3, n_estimators=100, subsample=0.8; total time=   0.3s
[CV] END alpha=0.3, colsample_bytree=0.8, gamma=0.1, lambda=2, learning_rate=0.001, max_depth=2, n_estimators=150, subsample=0.8; total time=   0.3s
[CV] END alpha=0.3, colsample_bytree=0.8, gamma=0.1, lambda=2, learning_rate=0.001, max_depth=3, n_estimators=100, subsample=0.8; total time=   0.3s
[CV] END alpha=0.3, colsample_bytree=0.8, gamma=0.1, lambda=2, learning_rate=0.01, max_depth=2, n_estimators=100, subsample=0.8; total time=   0.2s
[CV] END alpha=0.3, colsample_bytree=0.8, gamma=0.1, lambda=2, learning_rate=0.01, max_depth=3, n_estimators=200, subsample=0.8; total time=   0.7s
[CV] END alpha=0.3, colsample_bytree=0.8, gamma=0.1, lambda=2, learning_rate=0.005, max_depth=3, n_estimators=150, subsample=0.8; total time=   0.6s
[CV] END alpha=0.3, colsample_bytree=0.8, gamma=0.1, lambda=2, learning_rate=0.001, max_depth=2, n_estimators=250, subsample=0.8; total time=   0.6s
[CV] END alpha=0.3, colsample_bytree=0.8, gamma=0.1, lambda=2, learning_rate=0.01, max_depth=3, n_estimators=100, subsample=0.8; total time=   1.2s
[CV] END alpha=0.3, colsample_bytree=0.8, gamma=0.1, lambda=2, learning_rate=0.01, max_depth=3, n_estimators=300, subsample=0.8; total time=   0.9s
[CV] END alpha=0.3, colsample_bytree=0.8, gamma=0.1, lambda=2, learning_rate=0.001, max_depth=2, n_estimators=150, subsample=0.8; total time=   0.3s
[CV] END alpha=0.3, colsample_bytree=0.8, gamma=0.1, lambda=2, learning_rate=0.001, max_depth=3, n_estimators=150, subsample=0.8; total time=   0.5s
[CV] END alpha=0.3, colsample_bytree=0.8, gamma=0.1, lambda=2, learning_rate=0.01, max_depth=2, n_estimators=200, subsample=0.8; total time=   0.4s
[CV] END alpha=0.3, colsample_bytree=0.8, gamma=0.1, lambda=2, learning_rate=0.005, max_depth=2, n_estimators=100, subsample=0.8; total time=   0.2s
[CV] END alpha=0.3, colsample_bytree=0.8, gamma=0.1, lambda=2, learning_rate=0.005, max_depth=2, n_estimators=300, subsample=0.8; total time=   0.6s
[CV] END alpha=0.3, colsample_bytree=0.8, gamma=0.1, lambda=2, learning_rate=0.001, max_depth=2, n_estimators=200, subsample=0.8; total time=   0.4s
[CV] END alpha=0.3, colsample_bytree=0.8, gamma=0.1, lambda=2, learning_rate=0.001, max_depth=3, n_estimators=200, subsample=0.8; total time=   0.6s
[CV] END alpha=0.3, colsample_bytree=0.8, gamma=0.1, lambda=2, learning_rate=0.01, max_depth=2, n_estimators=300, subsample=0.8; total time=   0.6s
[CV] END alpha=0.3, colsample_bytree=0.8, gamma=0.1, lambda=2, learning_rate=0.005, max_depth=2, n_estimators=250, subsample=0.8; total time=   0.6s
[CV] END alpha=0.3, colsample_bytree=0.8, gamma=0.1, lambda=2, learning_rate=0.001, max_depth=2, n_estimators=100, subsample=0.8; total time=   0.2s
[CV] END alpha=0.3, colsample_bytree=0.8, gamma=0.1, lambda=2, learning_rate=0.001, max_depth=2, n_estimators=300, subsample=0.8; total time=   0.6s
[CV] END alpha=0.3, colsample_bytree=0.8, gamma=0.1, lambda=2, learning_rate=0.01, max_depth=2, n_estimators=100, subsample=0.8; total time=   1.2s
[CV] END alpha=0.3, colsample_bytree=0.8, gamma=0.1, lambda=2, learning_rate=0.01, max_depth=3, n_estimators=300, subsample=0.8; total time=   0.8s
[CV] END alpha=0.3, colsample_bytree=0.8, gamma=0.1, lambda=2, learning_rate=0.001, max_depth=2, n_estimators=150, subsample=0.8; total time=   0.3s
[CV] END alpha=0.3, colsample_bytree=0.8, gamma=0.1, lambda=2, learning_rate=0.001, max_depth=3, n_estimators=100, subsample=0.8; total time=   0.3s
[CV] END alpha=0.3, colsample_bytree=0.8, gamma=0.1, lambda=2, learning_rate=0.001, max_depth=3, n_estimators=300, subsample=0.8; total time=   0.8s
[CV] END alpha=0.3, colsample_bytree=0.8, gamma=0.1, lambda=2, learning_rate=0.01, max_depth=3, n_estimators=150, subsample=0.8; total time=   0.5s
[CV] END alpha=0.3, colsample_bytree=0.8, gamma=0.1, lambda=2, learning_rate=0.005, max_depth=2, n_estimators=150, subsample=0.8; total time=   0.3s
[CV] END alpha=0.3, colsample_bytree=0.8, gamma=0.1, lambda=2, learning_rate=0.005, max_depth=3, n_estimators=150, subsample=0.8; total time=   0.5s
[CV] END alpha=0.3, colsample_bytree=0.8, gamma=0.1, lambda=2, learning_rate=0.001, max_depth=2, n_estimators=250, subsample=0.8; total time=   0.5s
[CV] END alpha=0.3, colsample_bytree=0.8, gamma=0.1, lambda=2, learning_rate=0.01, max_depth=2, n_estimators=100, subsample=0.8; total time=   0.2s
[CV] END alpha=0.3, colsample_bytree=0.8, gamma=0.1, lambda=2, learning_rate=0.01, max_depth=3, n_estimators=200, subsample=0.8; total time=   0.7s
[CV] END alpha=0.3, colsample_bytree=0.8, gamma=0.1, lambda=2, learning_rate=0.005, max_depth=3, n_estimators=150, subsample=0.8; total time=   0.6s
[CV] END alpha=0.3, colsample_bytree=0.8, gamma=0.1, lambda=2, learning_rate=0.001, max_depth=2, n_estimators=300, subsample=0.8; total time=   0.6s
[CV] END alpha=0.3, colsample_bytree=0.8, gamma=0.1, lambda=2, learning_rate=0.01, max_depth=2, n_estimators=200, subsample=0.8; total time=   1.3s
[CV] END alpha=0.3, colsample_bytree=0.8, gamma=0.1, lambda=2, learning_rate=0.005, max_depth=2, n_estimators=100, subsample=0.8; total time=   0.2s
[CV] END alpha=0.3, colsample_bytree=0.8, gamma=0.1, lambda=2, learning_rate=0.005, max_depth=2, n_estimators=300, subsample=0.8; total time=   0.6s
[CV] END alpha=0.3, colsample_bytree=0.8, gamma=0.1, lambda=2, learning_rate=0.001, max_depth=2, n_estimators=200, subsample=0.8; total time=   0.4s
[CV] END alpha=0.3, colsample_bytree=0.8, gamma=0.1, lambda=2, learning_rate=0.001, max_depth=3, n_estimators=200, subsample=0.8; total time=   0.6s
[CV] END alpha=0.3, colsample_bytree=0.8, gamma=0.1, lambda=2, learning_rate=0.01, max_depth=2, n_estimators=300, subsample=0.8; total time=   0.6s
[CV] END alpha=0.3, colsample_bytree=0.8, gamma=0.1, lambda=2, learning_rate=0.005, max_depth=2, n_estimators=250, subsample=0.8; total time=   0.5s
[CV] END alpha=0.3, colsample_bytree=0.8, gamma=0.1, lambda=2, learning_rate=0.001, max_depth=2, n_estimators=100, subsample=0.8; total time=   0.2s
[CV] END alpha=0.3, colsample_bytree=0.8, gamma=0.1, lambda=2, learning_rate=0.001, max_depth=2, n_estimators=250, subsample=0.8; total time=   0.5s
[CV] END alpha=0.3, colsample_bytree=0.8, gamma=0.1, lambda=2, learning_rate=0.01, max_depth=2, n_estimators=100, subsample=0.8; total time=   0.2s
[CV] END alpha=0.3, colsample_bytree=0.8, gamma=0.1, lambda=2, learning_rate=0.01, max_depth=3, n_estimators=200, subsample=0.8; total time=   0.8s
[CV] END alpha=0.3, colsample_bytree=0.8, gamma=0.1, lambda=2, learning_rate=0.005, max_depth=3, n_estimators=200, subsample=0.8; total time=   0.7s
[CV] END alpha=0.3, colsample_bytree=0.8, gamma=0.1, lambda=2, learning_rate=0.001, max_depth=3, n_estimators=150, subsample=0.8; total time=   0.5s
[CV] END alpha=0.3, colsample_bytree=0.8, gamma=0.1, lambda=2, learning_rate=0.01, max_depth=2, n_estimators=300, subsample=0.8; total time=   1.6s
[CV] END alpha=0.3, colsample_bytree=0.8, gamma=0.1, lambda=2, learning_rate=0.005, max_depth=3, n_estimators=100, subsample=0.8; total time=   0.4s
[CV] END alpha=0.3, colsample_bytree=0.8, gamma=0.1, lambda=2, learning_rate=0.005, max_depth=3, n_estimators=300, subsample=0.8; total time=   1.0s
[CV] END alpha=0.3, colsample_bytree=0.8, gamma=0.1, lambda=2, learning_rate=0.01, max_depth=2, n_estimators=250, subsample=0.8; total time=   0.5s
[CV] END alpha=0.3, colsample_bytree=0.8, gamma=0.1, lambda=2, learning_rate=0.005, max_depth=2, n_estimators=200, subsample=0.8; total time=   0.4s
[CV] END alpha=0.3, colsample_bytree=0.8, gamma=0.1, lambda=2, learning_rate=0.005, max_depth=3, n_estimators=200, subsample=0.8; total time=   0.6s
[CV] END alpha=0.3, colsample_bytree=0.8, gamma=0.1, lambda=2, learning_rate=0.001, max_depth=3, n_estimators=100, subsample=0.8; total time=   0.3s
[CV] END alpha=0.3, colsample_bytree=0.8, gamma=0.1, lambda=2, learning_rate=0.001, max_depth=3, n_estimators=250, subsample=0.8; total time=   0.7s
[CV] END alpha=0.3, colsample_bytree=0.8, gamma=0.1, lambda=2, learning_rate=0.01, max_depth=3, n_estimators=100, subsample=0.8; total time=   0.3s
[CV] END alpha=0.3, colsample_bytree=0.8, gamma=0.1, lambda=2, learning_rate=0.01, max_depth=3, n_estimators=300, subsample=0.8; total time=   0.9s
[CV] END alpha=0.3, colsample_bytree=0.8, gamma=0.1, lambda=2, learning_rate=0.005, max_depth=3, n_estimators=300, subsample=0.8; total time=   1.0s
[CV] END alpha=0.3, colsample_bytree=0.8, gamma=0.1, lambda=2, learning_rate=0.01, max_depth=2, n_estimators=200, subsample=0.8; total time=   1.5s
[CV] END alpha=0.3, colsample_bytree=0.8, gamma=0.1, lambda=2, learning_rate=0.005, max_depth=2, n_estimators=250, subsample=0.8; total time=   0.5s
[CV] END alpha=0.3, colsample_bytree=0.8, gamma=0.1, lambda=2, learning_rate=0.001, max_depth=2, n_estimators=150, subsample=0.8; total time=   0.3s
[CV] END alpha=0.3, colsample_bytree=0.8, gamma=0.1, lambda=2, learning_rate=0.001, max_depth=3, n_estimators=100, subsample=0.8; total time=   0.4s
[CV] END alpha=0.3, colsample_bytree=0.8, gamma=0.1, lambda=2, learning_rate=0.01, max_depth=2, n_estimators=100, subsample=0.8; total time=   0.2s
[CV] END alpha=0.3, colsample_bytree=0.8, gamma=0.1, lambda=2, learning_rate=0.01, max_depth=3, n_estimators=200, subsample=0.8; total time=   0.6s
[CV] END alpha=0.3, colsample_bytree=0.8, gamma=0.1, lambda=2, learning_rate=0.005, max_depth=3, n_estimators=150, subsample=0.8; total time=   0.5s
[CV] END alpha=0.3, colsample_bytree=0.8, gamma=0.1, lambda=2, learning_rate=0.001, max_depth=2, n_estimators=300, subsample=0.8; total time=   0.6s
[CV] END alpha=0.3, colsample_bytree=0.8, gamma=0.1, lambda=2, learning_rate=0.01, max_depth=2, n_estimators=250, subsample=0.8; total time=   0.5s
[CV] END alpha=0.3, colsample_bytree=0.8, gamma=0.1, lambda=2, learning_rate=0.005, max_depth=2, n_estimators=200, subsample=0.8; total time=   0.4s
[CV] END alpha=0.3, colsample_bytree=0.8, gamma=0.1, lambda=2, learning_rate=0.005, max_depth=3, n_estimators=150, subsample=0.8; total time=   0.6s
[CV] END alpha=0.3, colsample_bytree=0.8, gamma=0.1, lambda=2, learning_rate=0.001, max_depth=2, n_estimators=300, subsample=0.8; total time=   0.7s
[CV] END alpha=0.3, colsample_bytree=0.8, gamma=0.1, lambda=2, learning_rate=0.01, max_depth=3, n_estimators=150, subsample=0.8; total time=   1.3s
[CV] END alpha=0.3, colsample_bytree=0.8, gamma=0.1, lambda=2, learning_rate=0.005, max_depth=2, n_estimators=100, subsample=0.8; total time=   0.2s
[CV] END alpha=0.3, colsample_bytree=0.8, gamma=0.1, lambda=2, learning_rate=0.005, max_depth=2, n_estimators=250, subsample=0.8; total time=   0.4s
[CV] END alpha=0.3, colsample_bytree=0.8, gamma=0.1, lambda=2, learning_rate=0.005, max_depth=3, n_estimators=300, subsample=0.8; total time=   0.7s
[CV] END alpha=0.3, colsample_bytree=0.8, gamma=0.1, lambda=2, learning_rate=0.001, max_depth=3, n_estimators=300, subsample=0.8; total time=   0.9s
[CV] END alpha=0.3, colsample_bytree=0.8, gamma=0.1, lambda=2, learning_rate=0.01, max_depth=3, n_estimators=150, subsample=0.8; total time=   0.5s
[CV] END alpha=0.3, colsample_bytree=0.8, gamma=0.1, lambda=2, learning_rate=0.005, max_depth=2, n_estimators=200, subsample=0.8; total time=   0.6s
[CV] END alpha=0.3, colsample_bytree=0.8, gamma=0.1, lambda=2, learning_rate=0.001, max_depth=2, n_estimators=100, subsample=0.8; total time=   0.2s
[CV] END alpha=0.3, colsample_bytree=0.8, gamma=0.1, lambda=2, learning_rate=0.001, max_depth=2, n_estimators=300, subsample=0.8; total time=   0.5s
[CV] END alpha=0.3, colsample_bytree=0.8, gamma=0.1, lambda=2, learning_rate=0.01, max_depth=2, n_estimators=150, subsample=0.8; total time=   0.3s
[CV] END alpha=0.3, colsample_bytree=0.8, gamma=0.1, lambda=2, learning_rate=0.01, max_depth=3, n_estimators=250, subsample=0.8; total time=   0.9s
[CV] END alpha=0.3, colsample_bytree=0.8, gamma=0.1, lambda=2, learning_rate=0.005, max_depth=3, n_estimators=300, subsample=0.8; total time=   1.0s
[CV] END alpha=0.3, colsample_bytree=0.8, gamma=0.1, lambda=2, learning_rate=0.01, max_depth=2, n_estimators=150, subsample=0.8; total time=   1.3s
[CV] END alpha=0.3, colsample_bytree=0.8, gamma=0.1, lambda=2, learning_rate=0.01, max_depth=3, n_estimators=250, subsample=0.8; total time=   0.8s
[CV] END alpha=0.3, colsample_bytree=0.8, gamma=0.1, lambda=2, learning_rate=0.001, max_depth=2, n_estimators=100, subsample=0.8; total time=   0.2s
[CV] END alpha=0.3, colsample_bytree=0.8, gamma=0.1, lambda=2, learning_rate=0.001, max_depth=2, n_estimators=300, subsample=0.8; total time=   0.6s
[CV] END alpha=0.3, colsample_bytree=0.8, gamma=0.1, lambda=2, learning_rate=0.01, max_depth=2, n_estimators=200, subsample=0.8; total time=   0.4s
[CV] END alpha=0.3, colsample_bytree=0.8, gamma=0.1, lambda=2, learning_rate=0.005, max_depth=2, n_estimators=100, subsample=0.8; total time=   0.2s
[CV] END alpha=0.3, colsample_bytree=0.8, gamma=0.1, lambda=2, learning_rate=0.005, max_depth=2, n_estimators=300, subsample=0.8; total time=   0.6s
[CV] END alpha=0.3, colsample_bytree=0.8, gamma=0.1, lambda=2, learning_rate=0.001, max_depth=2, n_estimators=200, subsample=0.8; total time=   0.4s
[CV] END alpha=0.3, colsample_bytree=0.8, gamma=0.1, lambda=2, learning_rate=0.001, max_depth=3, n_estimators=200, subsample=0.8; total time=   0.6s
[CV] END alpha=0.3, colsample_bytree=0.8, gamma=0.1, lambda=2, learning_rate=0.01, max_depth=2, n_estimators=300, subsample=0.8; total time=   0.6s
[CV] END alpha=0.3, colsample_bytree=0.8, gamma=0.1, lambda=2, learning_rate=0.005, max_depth=2, n_estimators=250, subsample=0.8; total time=   0.6s
[CV] END alpha=0.3, colsample_bytree=0.8, gamma=0.1, lambda=2, learning_rate=0.005, max_depth=3, n_estimators=300, subsample=0.8; total time=   1.0s
[CV] END alpha=0.3, colsample_bytree=0.8, gamma=0.1, lambda=2, learning_rate=0.01, max_depth=3, n_estimators=150, subsample=0.8; total time=   1.6s
[CV] END alpha=0.3, colsample_bytree=0.8, gamma=0.1, lambda=2, learning_rate=0.005, max_depth=2, n_estimators=300, subsample=0.8; total time=   0.6s
[CV] END alpha=0.3, colsample_bytree=0.8, gamma=0.1, lambda=2, learning_rate=0.001, max_depth=2, n_estimators=300, subsample=0.8; total time=   0.6s
[CV] END alpha=0.3, colsample_bytree=0.8, gamma=0.1, lambda=2, learning_rate=0.01, max_depth=2, n_estimators=200, subsample=0.8; total time=   0.4s
[CV] END alpha=0.3, colsample_bytree=0.8, gamma=0.1, lambda=2, learning_rate=0.005, max_depth=2, n_estimators=100, subsample=0.8; total time=   0.2s
[CV] END alpha=0.3, colsample_bytree=0.8, gamma=0.1, lambda=2, learning_rate=0.005, max_depth=2, n_estimators=300, subsample=0.8; total time=   0.6s
[CV] END alpha=0.3, colsample_bytree=0.8, gamma=0.1, lambda=2, learning_rate=0.001, max_depth=2, n_estimators=200, subsample=0.8; total time=   0.4s
[CV] END alpha=0.3, colsample_bytree=0.8, gamma=0.1, lambda=2, learning_rate=0.001, max_depth=3, n_estimators=150, subsample=0.8; total time=   0.5s
[CV] END alpha=0.3, colsample_bytree=0.8, gamma=0.1, lambda=2, learning_rate=0.01, max_depth=2, n_estimators=250, subsample=0.8; total time=   0.5s
[CV] END alpha=0.3, colsample_bytree=0.8, gamma=0.1, lambda=2, learning_rate=0.005, max_depth=2, n_estimators=200, subsample=0.8; total time=   0.4s
[CV] END alpha=0.3, colsample_bytree=0.8, gamma=0.1, lambda=2, learning_rate=0.005, max_depth=3, n_estimators=200, subsample=0.8; total time=   0.7s
[CV] END alpha=0.3, colsample_bytree=0.8, gamma=0.1, lambda=2, learning_rate=0.001, max_depth=3, n_estimators=150, subsample=0.8; total time=   0.5s
[CV] END alpha=0.3, colsample_bytree=0.8, gamma=0.1, lambda=2, learning_rate=0.01, max_depth=2, n_estimators=250, subsample=0.8; total time=   1.4s
[CV] END alpha=0.3, colsample_bytree=0.8, gamma=0.1, lambda=2, learning_rate=0.005, max_depth=2, n_estimators=150, subsample=0.8; total time=   0.3s
[CV] END alpha=0.3, colsample_bytree=0.8, gamma=0.1, lambda=2, learning_rate=0.005, max_depth=3, n_estimators=150, subsample=0.8; total time=   0.5s
[CV] END alpha=0.3, colsample_bytree=0.8, gamma=0.1, lambda=2, learning_rate=0.001, max_depth=2, n_estimators=300, subsample=0.8; total time=   0.6s
[CV] END alpha=0.3, colsample_bytree=0.8, gamma=0.1, lambda=2, learning_rate=0.01, max_depth=2, n_estimators=250, subsample=0.8; total time=   0.5s
[CV] END alpha=0.3, colsample_bytree=0.8, gamma=0.1, lambda=2, learning_rate=0.005, max_depth=2, n_estimators=150, subsample=0.8; total time=   0.3s
[CV] END alpha=0.3, colsample_bytree=0.8, gamma=0.1, lambda=2, learning_rate=0.005, max_depth=3, n_estimators=150, subsample=0.8; total time=   0.5s
[CV] END alpha=0.3, colsample_bytree=0.8, gamma=0.1, lambda=2, learning_rate=0.001, max_depth=2, n_estimators=250, subsample=0.8; total time=   0.5s
[CV] END alpha=0.3, colsample_bytree=0.8, gamma=0.1, lambda=2, learning_rate=0.001, max_depth=3, n_estimators=300, subsample=0.8; total time=   0.8s
[CV] END alpha=0.3, colsample_bytree=0.8, gamma=0.1, lambda=2, learning_rate=0.01, max_depth=3, n_estimators=150, subsample=0.8; total time=   0.5s
[CV] END alpha=0.3, colsample_bytree=0.8, gamma=0.1, lambda=2, learning_rate=0.005, max_depth=2, n_estimators=200, subsample=0.8; total time=   0.5s
[CV] END alpha=0.3, colsample_bytree=0.8, gamma=0.1, lambda=2, learning_rate=0.005, max_depth=3, n_estimators=200, subsample=0.8; total time=   0.7s
[CV] END alpha=0.3, colsample_bytree=0.8, gamma=0.1, lambda=2, learning_rate=0.001, max_depth=3, n_estimators=150, subsample=0.8; total time=   0.5s
[CV] END alpha=0.3, colsample_bytree=0.8, gamma=0.1, lambda=2, learning_rate=0.01, max_depth=2, n_estimators=150, subsample=0.8; total time=   1.2s
[CV] END alpha=0.3, colsample_bytree=0.8, gamma=0.1, lambda=2, learning_rate=0.01, max_depth=3, n_estimators=250, subsample=0.8; total time=   0.8s
[CV] END alpha=0.3, colsample_bytree=0.8, gamma=0.1, lambda=2, learning_rate=0.005, max_depth=3, n_estimators=200, subsample=0.8; total time=   0.8s
[CV] END alpha=0.3, colsample_bytree=0.8, gamma=0.1, lambda=2, learning_rate=0.001, max_depth=3, n_estimators=250, subsample=0.8; total time=   0.7s
[CV] END alpha=0.3, colsample_bytree=0.8, gamma=0.1, lambda=2, learning_rate=0.01, max_depth=3, n_estimators=100, subsample=0.8; total time=   0.3s
[CV] END alpha=0.3, colsample_bytree=0.8, gamma=0.1, lambda=2, learning_rate=0.01, max_depth=3, n_estimators=300, subsample=0.8; total time=   0.8s
[CV] END alpha=0.3, colsample_bytree=0.8, gamma=0.1, lambda=2, learning_rate=0.001, max_depth=2, n_estimators=150, subsample=0.8; total time=   0.4s
[CV] END alpha=0.3, colsample_bytree=0.8, gamma=0.1, lambda=2, learning_rate=0.001, max_depth=3, n_estimators=200, subsample=0.8; total time=   0.6s
[CV] END alpha=0.3, colsample_bytree=0.8, gamma=0.1, lambda=2, learning_rate=0.01, max_depth=2, n_estimators=300, subsample=0.8; total time=   0.7s
[CV] END alpha=0.3, colsample_bytree=0.8, gamma=0.1, lambda=2, learning_rate=0.005, max_depth=2, n_estimators=300, subsample=0.8; total time=   0.6s
[CV] END alpha=0.3, colsample_bytree=0.8, gamma=0.1, lambda=2, learning_rate=0.001, max_depth=2, n_estimators=200, subsample=0.8; total time=   0.5s
[CV] END alpha=0.3, colsample_bytree=0.8, gamma=0.1, lambda=2, learning_rate=0.001, max_depth=3, n_estimators=200, subsample=0.8; total time=   0.7s
[CV] END alpha=0.3, colsample_bytree=0.8, gamma=0.1, lambda=2, learning_rate=0.01, max_depth=2, n_estimators=300, subsample=0.8; total time=   1.6s
[CV] END alpha=0.3, colsample_bytree=0.8, gamma=0.1, lambda=2, learning_rate=0.005, max_depth=2, n_estimators=300, subsample=0.8; total time=   0.6s
[CV] END alpha=0.3, colsample_bytree=0.8, gamma=0.1, lambda=2, learning_rate=0.001, max_depth=2, n_estimators=250, subsample=0.8; total time=   0.5s
[CV] END alpha=0.3, colsample_bytree=0.8, gamma=0.1, lambda=2, learning_rate=0.01, max_depth=2, n_estimators=100, subsample=0.8; total time=   0.2s
[CV] END alpha=0.3, colsample_bytree=0.8, gamma=0.1, lambda=2, learning_rate=0.01, max_depth=3, n_estimators=200, subsample=0.8; total time=   0.5s
[CV] END alpha=0.3, colsample_bytree=0.8, gamma=0.1, lambda=2, learning_rate=0.005, max_depth=3, n_estimators=100, subsample=0.8; total time=   0.3s
[CV] END alpha=0.3, colsample_bytree=0.8, gamma=0.1, lambda=2, learning_rate=0.005, max_depth=3, n_estimators=300, subsample=0.8; total time=   0.8s
[CV] END alpha=0.3, colsample_bytree=0.8, gamma=0.1, lambda=2, learning_rate=0.01, max_depth=2, n_estimators=150, subsample=0.8; total time=   0.4s
[CV] END alpha=0.3, colsample_bytree=0.8, gamma=0.1, lambda=2, learning_rate=0.005, max_depth=2, n_estimators=100, subsample=0.8; total time=   0.3s
[CV] END alpha=0.3, colsample_bytree=0.8, gamma=0.1, lambda=2, learning_rate=0.005, max_depth=2, n_estimators=300, subsample=0.8; total time=   0.6s
[CV] END alpha=0.3, colsample_bytree=0.8, gamma=0.1, lambda=2, learning_rate=0.001, max_depth=2, n_estimators=200, subsample=0.8; total time=   0.4s
[CV] END alpha=0.3, colsample_bytree=0.8, gamma=0.1, lambda=2, learning_rate=0.001, max_depth=3, n_estimators=200, subsample=0.8; total time=   0.7s
[CV] END alpha=0.3, colsample_bytree=0.8, gamma=0.1, lambda=2, learning_rate=0.01, max_depth=2, n_estimators=300, subsample=0.8; total time=   1.5s
[CV] END alpha=0.3, colsample_bytree=0.8, gamma=0.1, lambda=2, learning_rate=0.005, max_depth=2, n_estimators=200, subsample=0.8; total time=   0.4s
[CV] END alpha=0.3, colsample_bytree=0.8, gamma=0.1, lambda=2, learning_rate=0.005, max_depth=3, n_estimators=250, subsample=0.8; total time=   0.8s
[CV] END alpha=0.3, colsample_bytree=0.8, gamma=0.1, lambda=2, learning_rate=0.001, max_depth=3, n_estimators=250, subsample=0.8; total time=   0.7s
[CV] END alpha=0.3, colsample_bytree=0.8, gamma=0.1, lambda=2, learning_rate=0.01, max_depth=3, n_estimators=100, subsample=0.8; total time=   0.3s
[CV] END alpha=0.3, colsample_bytree=0.8, gamma=0.1, lambda=2, learning_rate=0.01, max_depth=3, n_estimators=300, subsample=0.8; total time=   0.8s
[CV] END alpha=0.3, colsample_bytree=0.8, gamma=0.1, lambda=2, learning_rate=0.001, max_depth=2, n_estimators=150, subsample=0.8; total time=   0.3s
[CV] END alpha=0.3, colsample_bytree=0.8, gamma=0.1, lambda=2, learning_rate=0.001, max_depth=3, n_estimators=150, subsample=0.8; total time=   0.5s
[CV] END alpha=0.3, colsample_bytree=0.8, gamma=0.1, lambda=2, learning_rate=0.01, max_depth=2, n_estimators=200, subsample=0.8; total time=   0.5s
[CV] END alpha=0.3, colsample_bytree=0.8, gamma=0.1, lambda=2, learning_rate=0.005, max_depth=2, n_estimators=100, subsample=0.8; total time=   0.2s
[CV] END alpha=0.3, colsample_bytree=0.8, gamma=0.1, lambda=2, learning_rate=0.005, max_depth=2, n_estimators=300, subsample=0.8; total time=   0.7s
[CV] END alpha=0.3, colsample_bytree=0.8, gamma=0.1, lambda=2, learning_rate=0.001, max_depth=2, n_estimators=200, subsample=0.8; total time=   0.5s
[CV] END alpha=0.3, colsample_bytree=0.8, gamma=0.1, lambda=2, learning_rate=0.001, max_depth=3, n_estimators=200, subsample=0.8; total time=   0.7s
[CV] END alpha=0.3, colsample_bytree=0.8, gamma=0.1, lambda=2, learning_rate=0.01, max_depth=2, n_estimators=100, subsample=0.8; total time=   1.1s
[CV] END alpha=0.3, colsample_bytree=0.8, gamma=0.1, lambda=2, learning_rate=0.01, max_depth=3, n_estimators=200, subsample=0.8; total time=   0.5s
[CV] END alpha=0.3, colsample_bytree=0.8, gamma=0.1, lambda=2, learning_rate=0.005, max_depth=2, n_estimators=250, subsample=0.8; total time=   0.5s
[CV] END alpha=0.3, colsample_bytree=0.8, gamma=0.1, lambda=2, learning_rate=0.005, max_depth=3, n_estimators=300, subsample=0.8; total time=   0.8s
[CV] END alpha=0.3, colsample_bytree=0.8, gamma=0.1, lambda=2, learning_rate=0.01, max_depth=2, n_estimators=150, subsample=0.8; total time=   0.3s
[CV] END alpha=0.3, colsample_bytree=0.8, gamma=0.1, lambda=2, learning_rate=0.01, max_depth=3, n_estimators=250, subsample=0.8; total time=   0.6s
[CV] END alpha=0.3, colsample_bytree=0.8, gamma=0.1, lambda=2, learning_rate=0.005, max_depth=3, n_estimators=200, subsample=0.8; total time=   0.6s
[CV] END alpha=0.3, colsample_bytree=0.8, gamma=0.1, lambda=2, learning_rate=0.001, max_depth=3, n_estimators=100, subsample=0.8; total time=   0.3s
[CV] END alpha=0.3, colsample_bytree=0.8, gamma=0.1, lambda=2, learning_rate=0.001, max_depth=3, n_estimators=300, subsample=0.8; total time=   0.8s
[CV] END alpha=0.3, colsample_bytree=0.8, gamma=0.1, lambda=2, learning_rate=0.01, max_depth=3, n_estimators=150, subsample=0.8; total time=   0.4s
[CV] END alpha=0.3, colsample_bytree=0.8, gamma=0.1, lambda=2, learning_rate=0.005, max_depth=2, n_estimators=150, subsample=0.8; total time=   0.3s
[CV] END alpha=0.3, colsample_bytree=0.8, gamma=0.1, lambda=2, learning_rate=0.005, max_depth=3, n_estimators=100, subsample=0.8; total time=   0.3s
[CV] END alpha=0.3, colsample_bytree=0.8, gamma=0.1, lambda=2, learning_rate=0.005, max_depth=3, n_estimators=250, subsample=0.8; total time=   0.8s
[CV] END alpha=0.3, colsample_bytree=0.8, gamma=0.1, lambda=2, learning_rate=0.001, max_depth=3, n_estimators=250, subsample=0.8; total time=   0.8s
[CV] END alpha=0.3, colsample_bytree=0.8, gamma=0.1, lambda=2, learning_rate=0.01, max_depth=2, n_estimators=150, subsample=0.8; total time=   1.2s
[CV] END alpha=0.3, colsample_bytree=0.8, gamma=0.1, lambda=2, learning_rate=0.01, max_depth=3, n_estimators=200, subsample=0.8; total time=   0.5s
[CV] END alpha=0.3, colsample_bytree=0.8, gamma=0.1, lambda=2, learning_rate=0.005, max_depth=3, n_estimators=100, subsample=0.8; total time=   0.3s
[CV] END alpha=0.3, colsample_bytree=0.8, gamma=0.1, lambda=2, learning_rate=0.005, max_depth=3, n_estimators=200, subsample=0.8; total time=   0.5s
[CV] END alpha=0.3, colsample_bytree=0.8, gamma=0.1, lambda=2, learning_rate=0.001, max_depth=3, n_estimators=150, subsample=0.8; total time=   0.4s
[CV] END alpha=0.3, colsample_bytree=0.8, gamma=0.1, lambda=2, learning_rate=0.01, max_depth=2, n_estimators=150, subsample=0.8; total time=   0.3s
[CV] END alpha=0.3, colsample_bytree=0.8, gamma=0.1, lambda=2, learning_rate=0.01, max_depth=3, n_estimators=250, subsample=0.8; total time=   0.7s
[CV] END alpha=0.3, colsample_bytree=0.8, gamma=0.1, lambda=2, learning_rate=0.005, max_depth=3, n_estimators=250, subsample=0.8; total time=   0.8s
[CV] END alpha=0.3, colsample_bytree=0.8, gamma=0.1, lambda=2, learning_rate=0.001, max_depth=3, n_estimators=250, subsample=0.8; total time=   0.7s
[CV] END alpha=0.3, colsample_bytree=0.8, gamma=0.1, lambda=2, learning_rate=0.01, max_depth=3, n_estimators=100, subsample=0.8; total time=   0.3s
[CV] END alpha=0.3, colsample_bytree=0.8, gamma=0.1, lambda=2, learning_rate=0.01, max_depth=3, n_estimators=250, subsample=0.8; total time=   0.7s
[CV] END alpha=0.3, colsample_bytree=0.8, gamma=0.1, lambda=2, learning_rate=0.005, max_depth=3, n_estimators=250, subsample=0.8; total time=   0.8s
[CV] END alpha=0.3, colsample_bytree=0.8, gamma=0.1, lambda=2, learning_rate=0.001, max_depth=3, n_estimators=250, subsample=0.8; total time=   0.8s
[CV] END alpha=0.3, colsample_bytree=0.8, gamma=0.1, lambda=2, learning_rate=0.01, max_depth=2, n_estimators=250, subsample=0.8; total time=   1.5s
[CV] END alpha=0.3, colsample_bytree=0.8, gamma=0.1, lambda=2, learning_rate=0.005, max_depth=2, n_estimators=200, subsample=0.8; total time=   0.4s
[CV] END alpha=0.3, colsample_bytree=0.8, gamma=0.1, lambda=2, learning_rate=0.005, max_depth=3, n_estimators=250, subsample=0.8; total time=   0.9s
[CV] END alpha=0.3, colsample_bytree=0.8, gamma=0.1, lambda=2, learning_rate=0.01, max_depth=2, n_estimators=150, subsample=0.8; total time=   0.3s
[CV] END alpha=0.3, colsample_bytree=0.8, gamma=0.1, lambda=2, learning_rate=0.01, max_depth=3, n_estimators=300, subsample=0.8; total time=   0.8s
[CV] END alpha=0.3, colsample_bytree=0.8, gamma=0.1, lambda=2, learning_rate=0.001, max_depth=2, n_estimators=100, subsample=0.8; total time=   0.2s
[CV] END alpha=0.3, colsample_bytree=0.8, gamma=0.1, lambda=2, learning_rate=0.001, max_depth=2, n_estimators=300, subsample=0.8; total time=   0.6s
[CV] END alpha=0.3, colsample_bytree=0.8, gamma=0.1, lambda=2, learning_rate=0.01, max_depth=2, n_estimators=150, subsample=0.8; total time=   0.3s
[CV] END alpha=0.3, colsample_bytree=0.8, gamma=0.1, lambda=2, learning_rate=0.01, max_depth=3, n_estimators=250, subsample=0.8; total time=   0.9s
[CV] END alpha=0.3, colsample_bytree=0.8, gamma=0.1, lambda=2, learning_rate=0.001, max_depth=2, n_estimators=100, subsample=0.8; total time=   0.2s
[CV] END alpha=0.3, colsample_bytree=0.8, gamma=0.1, lambda=2, learning_rate=0.001, max_depth=2, n_estimators=250, subsample=0.8; total time=   0.5s
[CV] END alpha=0.3, colsample_bytree=0.8, gamma=0.1, lambda=2, learning_rate=0.001, max_depth=3, n_estimators=250, subsample=0.8; total time=   0.9s
[CV] END alpha=0.3, colsample_bytree=0.8, gamma=0.1, lambda=2, learning_rate=0.01, max_depth=2, n_estimators=250, subsample=0.8; total time=   1.4s
[CV] END alpha=0.3, colsample_bytree=0.8, gamma=0.1, lambda=2, learning_rate=0.005, max_depth=2, n_estimators=150, subsample=0.8; total time=   0.3s
[CV] END alpha=0.3, colsample_bytree=0.8, gamma=0.1, lambda=2, learning_rate=0.005, max_depth=3, n_estimators=100, subsample=0.8; total time=   0.3s
[CV] END alpha=0.3, colsample_bytree=0.8, gamma=0.1, lambda=2, learning_rate=0.001, max_depth=2, n_estimators=100, subsample=0.8; total time=   0.2s
[CV] END alpha=0.3, colsample_bytree=0.8, gamma=0.1, lambda=2, learning_rate=0.001, max_depth=2, n_estimators=200, subsample=0.8; total time=   0.4s
[CV] END alpha=0.3, colsample_bytree=0.8, gamma=0.1, lambda=2, learning_rate=0.001, max_depth=3, n_estimators=150, subsample=0.8; total time=   0.4s
[CV] END alpha=0.3, colsample_bytree=0.8, gamma=0.1, lambda=2, learning_rate=0.01, max_depth=2, n_estimators=250, subsample=0.8; total time=   0.4s
[CV] END alpha=0.3, colsample_bytree=0.8, gamma=0.1, lambda=2, learning_rate=0.005, max_depth=2, n_estimators=150, subsample=0.8; total time=   0.3s
[CV] END alpha=0.3, colsample_bytree=0.8, gamma=0.1, lambda=2, learning_rate=0.005, max_depth=3, n_estimators=100, subsample=0.8; total time=   0.3s
[CV] END alpha=0.3, colsample_bytree=0.8, gamma=0.1, lambda=2, learning_rate=0.005, max_depth=3, n_estimators=250, subsample=0.8; total time=   0.7s
[CV] END alpha=0.3, colsample_bytree=0.8, gamma=0.1, lambda=2, learning_rate=0.001, max_depth=3, n_estimators=250, subsample=0.8; total time=   0.7s
[CV] END alpha=0.3, colsample_bytree=0.8, gamma=0.1, lambda=2, learning_rate=0.01, max_depth=3, n_estimators=100, subsample=0.8; total time=   0.3s
[CV] END alpha=0.3, colsample_bytree=0.8, gamma=0.1, lambda=2, learning_rate=0.01, max_depth=3, n_estimators=300, subsample=0.8; total time=   0.8s
[CV] END alpha=0.3, colsample_bytree=0.8, gamma=0.1, lambda=2, learning_rate=0.005, max_depth=3, n_estimators=250, subsample=0.8; total time=   0.8s
[CV] END alpha=0.3, colsample_bytree=0.8, gamma=0.1, lambda=2, learning_rate=0.001, max_depth=3, n_estimators=300, subsample=0.8; total time=   0.9s
[CV] END alpha=0.3, colsample_bytree=0.8, gamma=0.1, lambda=2, learning_rate=0.01, max_depth=2, n_estimators=100, subsample=0.8; total time=   1.2s
[CV] END alpha=0.3, colsample_bytree=0.8, gamma=0.1, lambda=2, learning_rate=0.01, max_depth=3, n_estimators=200, subsample=0.8; total time=   0.6s
[CV] END alpha=0.3, colsample_bytree=0.8, gamma=0.1, lambda=2, learning_rate=0.005, max_depth=3, n_estimators=150, subsample=0.8; total time=   0.5s
[CV] END alpha=0.3, colsample_bytree=0.8, gamma=0.1, lambda=2, learning_rate=0.001, max_depth=2, n_estimators=200, subsample=0.8; total time=   0.4s
[CV] END alpha=0.3, colsample_bytree=0.8, gamma=0.1, lambda=2, learning_rate=0.001, max_depth=3, n_estimators=200, subsample=0.8; total time=   0.5s
[CV] END alpha=0.3, colsample_bytree=0.8, gamma=0.1, lambda=2, learning_rate=0.01, max_depth=2, n_estimators=300, subsample=0.8; total time=   0.6s
[CV] END alpha=0.3, colsample_bytree=0.8, gamma=0.1, lambda=2, learning_rate=0.005, max_depth=2, n_estimators=250, subsample=0.8; total time=   0.5s
[CV] END alpha=0.3, colsample_bytree=0.8, gamma=0.1, lambda=2, learning_rate=0.005, max_depth=3, n_estimators=300, subsample=0.8; total time=   0.8s
[CV] END alpha=0.3, colsample_bytree=0.8, gamma=0.1, lambda=2, learning_rate=0.01, max_depth=2, n_estimators=200, subsample=0.8; total time=   0.4s
[CV] END alpha=0.3, colsample_bytree=0.8, gamma=0.1, lambda=2, learning_rate=0.005, max_depth=2, n_estimators=100, subsample=0.8; total time=   0.2s
[CV] END alpha=0.3, colsample_bytree=0.8, gamma=0.1, lambda=2, learning_rate=0.005, max_depth=2, n_estimators=250, subsample=0.8; total time=   0.6s
[CV] END alpha=0.3, colsample_bytree=0.8, gamma=0.1, lambda=2, learning_rate=0.001, max_depth=2, n_estimators=150, subsample=0.8; total time=   0.4s
[CV] END alpha=0.3, colsample_bytree=0.8, gamma=0.1, lambda=2, learning_rate=0.001, max_depth=3, n_estimators=100, subsample=0.8; total time=   0.4s
[CV] END alpha=0.3, colsample_bytree=0.8, gamma=0.1, lambda=2, learning_rate=0.001, max_depth=3, n_estimators=300, subsample=0.8; total time=   0.9s
[CV] END alpha=0.3, colsample_bytree=0.8, gamma=0.1, lambda=2, learning_rate=0.01, max_depth=3, n_estimators=100, subsample=0.8; total time=   1.4s
[CV] END alpha=0.3, colsample_bytree=0.8, gamma=0.1, lambda=2, learning_rate=0.005, max_depth=2, n_estimators=150, subsample=0.8; total time=   0.4s
[CV] END alpha=0.3, colsample_bytree=0.8, gamma=0.1, lambda=2, learning_rate=0.005, max_depth=3, n_estimators=200, subsample=0.8; total time=   0.5s
[CV] END alpha=0.3, colsample_bytree=0.8, gamma=0.1, lambda=2, learning_rate=0.001, max_depth=3, n_estimators=100, subsample=0.8; total time=   0.3s
[CV] END alpha=0.3, colsample_bytree=0.8, gamma=0.1, lambda=2, learning_rate=0.001, max_depth=3, n_estimators=200, subsample=0.8; total time=   0.6s
[CV] END alpha=0.3, colsample_bytree=0.8, gamma=0.1, lambda=2, learning_rate=0.01, max_depth=2, n_estimators=300, subsample=0.8; total time=   0.5s
[CV] END alpha=0.3, colsample_bytree=0.8, gamma=0.1, lambda=2, learning_rate=0.005, max_depth=2, n_estimators=200, subsample=0.8; total time=   0.4s
[CV] END alpha=0.3, colsample_bytree=0.8, gamma=0.1, lambda=2, learning_rate=0.005, max_depth=3, n_estimators=200, subsample=0.8; total time=   0.6s
[CV] END alpha=0.3, colsample_bytree=0.8, gamma=0.1, lambda=2, learning_rate=0.001, max_depth=3, n_estimators=150, subsample=0.8; total time=   0.4s
[CV] END alpha=0.3, colsample_bytree=0.8, gamma=0.1, lambda=2, learning_rate=0.01, max_depth=2, n_estimators=200, subsample=0.8; total time=   0.4s
[CV] END alpha=0.3, colsample_bytree=0.8, gamma=0.1, lambda=2, learning_rate=0.01, max_depth=3, n_estimators=300, subsample=0.8; total time=   0.9s
[CV] END alpha=0.3, colsample_bytree=0.8, gamma=0.1, lambda=2, learning_rate=0.001, max_depth=2, n_estimators=150, subsample=0.8; total time=   0.3s
[CV] END alpha=0.3, colsample_bytree=0.8, gamma=0.1, lambda=2, learning_rate=0.001, max_depth=3, n_estimators=100, subsample=0.8; total time=   0.4s
[CV] END alpha=0.3, colsample_bytree=0.8, gamma=0.1, lambda=2, learning_rate=0.001, max_depth=3, n_estimators=300, subsample=0.8; total time=   0.9s
